0 info it worked if it ends with ok
1 verbose cli [ 'C:\\Program Files\\nodejs\\node.exe',
1 verbose cli   'C:\\Program Files\\nodejs\\node_modules\\npm\\bin\\npm-cli.js',
1 verbose cli   'publish' ]
2 info using npm@3.3.12
3 info using node@v5.3.0
4 verbose publish [ '.' ]
5 silly cache add args [ '.', null ]
6 verbose cache add spec .
7 silly cache add parsed spec Result {
7 silly cache add   raw: '.',
7 silly cache add   scope: null,
7 silly cache add   name: null,
7 silly cache add   rawSpec: '.',
7 silly cache add   spec: 'C:\\Users\\DHRUVD\\Desktop\\React-Katex',
7 silly cache add   type: 'directory' }
8 verbose addLocalDirectory C:\Users\DHRUVD\AppData\Roaming\npm-cache\react-tex\1.0.1-beta.0\package.tgz not in flight; packing
9 info lifecycle react-tex@1.0.1-beta.0~prepublish: react-tex@1.0.1-beta.0
10 verbose lifecycle react-tex@1.0.1-beta.0~prepublish: unsafe-perm in lifecycle true
11 verbose lifecycle react-tex@1.0.1-beta.0~prepublish: PATH: C:\Program Files\nodejs\node_modules\npm\bin\node-gyp-bin;C:\Users\DHRUVD\Desktop\React-Katex\node_modules\.bin;C:\Users\DHRUVD\bin;C:\Program Files\Git\mingw64\bin;C:\Program Files\Git\usr\local\bin;C:\Program Files\Git\usr\bin;C:\Program Files\Git\usr\bin;C:\Program Files\Git\mingw64\bin;C:\Program Files\Git\usr\bin;C:\Users\DHRUVD\bin;C:\Program Files (x86)\Intel\iCLS Client;C:\Program Files\Intel\iCLS Client;C:\Windows\system32;C:\Windows;C:\Windows\System32\Wbem;C:\Windows\System32\WindowsPowerShell\v1.0;C:\Program Files\Intel\Intel(R) Management Engine Components\DAL;C:\Program Files (x86)\Intel\Intel(R) Management Engine Components\DAL;C:\Program Files\Intel\Intel(R) Management Engine Components\IPT;C:\Program Files (x86)\Intel\Intel(R) Management Engine Components\IPT;C:\Program Files (x86)\Windows Live\Shared;C:\Program Files\Git\cmd;C:\Program Files\MongoDB\Server\3.2\bin;C:\Program Files\nodejs;C:\Program Files (x86)\Brackets\command;C:\Users\DHRUVD\AppData\Roaming\npm;C:\Program Files (x86)\Microsoft VS Code\bin;C:\Program Files\Git\usr\bin\vendor_perl;C:\Program Files\Git\usr\bin\core_perl
12 verbose lifecycle react-tex@1.0.1-beta.0~prepublish: CWD: C:\Users\DHRUVD\Desktop\React-Katex
13 silly lifecycle react-tex@1.0.1-beta.0~prepublish: Args: [ '/d /s /c', 'npm run build' ]
14 silly lifecycle react-tex@1.0.1-beta.0~prepublish: Returned: code: 0  signal: null
15 verbose tar pack [ 'C:\\Users\\DHRUVD\\AppData\\Roaming\\npm-cache\\react-tex\\1.0.1-beta.0\\package.tgz',
15 verbose tar pack   'C:\\Users\\DHRUVD\\Desktop\\React-Katex' ]
16 verbose tarball C:\Users\DHRUVD\AppData\Roaming\npm-cache\react-tex\1.0.1-beta.0\package.tgz
17 verbose folder C:\Users\DHRUVD\Desktop\React-Katex
18 verbose addLocalTarball adding from inside cache C:\Users\DHRUVD\AppData\Roaming\npm-cache\react-tex\1.0.1-beta.0\package.tgz
19 silly cache afterAdd react-tex@1.0.1-beta.0
20 verbose afterAdd C:\Users\DHRUVD\AppData\Roaming\npm-cache\react-tex\1.0.1-beta.0\package\package.json not in flight; writing
21 verbose afterAdd C:\Users\DHRUVD\AppData\Roaming\npm-cache\react-tex\1.0.1-beta.0\package\package.json written
22 silly publish { name: 'react-tex',
22 silly publish   version: '1.0.1-beta.0',
22 silly publish   description: 'React component using Khan Academy\'s Katex library',
22 silly publish   main: 'src/index.js',
22 silly publish   scripts:
22 silly publish    { test: 'echo "Error: no test specified" && exit 1',
22 silly publish      build: 'babel ./src/js/index.js -o index.js',
22 silly publish      prepublish: 'npm run build' },
22 silly publish   repository:
22 silly publish    { type: 'git',
22 silly publish      url: 'git+https://github.com/dhruv004/React-Katex.git' },
22 silly publish   keywords: [ 'react', 'latex', 'katex', 'math' ],
22 silly publish   author: { name: 'Dhruv', email: 'dhruv.datt@talentica.com' },
22 silly publish   license: 'MIT',
22 silly publish   bugs: { url: 'https://github.com/dhruv004/React-Katex/issues' },
22 silly publish   homepage: 'https://github.com/dhruv004/React-Katex#readme',
22 silly publish   dependencies: { katex: '0.7.1' },
22 silly publish   devDependencies:
22 silly publish    { 'babel-cli': '6.24.0',
22 silly publish      'babel-core': '6.24.0',
22 silly publish      'babel-preset-es2015': '6.24.0',
22 silly publish      'babel-preset-react': '6.23.0',
22 silly publish      'babel-preset-stage-0': '6.22.0',
22 silly publish      browserify: '14.1.0',
22 silly publish      gulp: '3.9.1',
22 silly publish      'gulp-html-replace': '1.6.2',
22 silly publish      'gulp-react': '3.1.0',
22 silly publish      'gulp-streamify': '1.0.2',
22 silly publish      'gulp-uglify': '2.1.0',
22 silly publish      react: '15.4.2',
22 silly publish      'react-dom': '15.4.2',
22 silly publish      reactify: '1.1.1',
22 silly publish      'vinyl-source-stream': '1.1.0',
22 silly publish      watchify: '3.9.0' },
22 silly publish   readme: '# React-Tex\n',
22 silly publish   readmeFilename: 'README.md',
22 silly publish   gitHead: '320dd1da4f5542a063ac19f3195849ace9f3d003',
22 silly publish   _id: 'react-tex@1.0.1-beta.0',
22 silly publish   _shasum: '2d6276eff9303119ada57125bd27d29af2ae69fd',
22 silly publish   _from: '.' }
23 verbose getPublishConfig undefined
24 silly mapToRegistry name react-tex
25 silly mapToRegistry using default registry
26 silly mapToRegistry registry https://registry.npmjs.org/
27 silly mapToRegistry uri https://registry.npmjs.org/react-tex
28 verbose publish registryBase https://registry.npmjs.org/
29 silly publish uploading C:\Users\DHRUVD\AppData\Roaming\npm-cache\react-tex\1.0.1-beta.0\package.tgz
30 verbose request uri https://registry.npmjs.org/react-tex
31 verbose request sending authorization for write operation
32 info attempt registry request try #1 at 11:41:58 AM
33 verbose request using bearer token for auth
34 verbose request id 3e63575ff1d09abc
35 http request PUT https://registry.npmjs.org/react-tex
36 http 403 https://registry.npmjs.org/react-tex
37 verbose headers { 'content-type': 'application/json',
37 verbose headers   'cache-control': 'max-age=300',
37 verbose headers   'content-length': '102',
37 verbose headers   'accept-ranges': 'bytes',
37 verbose headers   date: 'Wed, 15 Mar 2017 06:12:00 GMT',
37 verbose headers   via: '1.1 varnish',
37 verbose headers   connection: 'keep-alive',
37 verbose headers   'x-served-by': 'cache-lcy1142-LCY',
37 verbose headers   'x-cache': 'MISS',
37 verbose headers   'x-cache-hits': '0',
37 verbose headers   'x-timer': 'S1489558319.280757,VS0,VE1381',
37 verbose headers   vary: 'Accept-Encoding' }
38 verbose request invalidating C:\Users\DHRUVD\AppData\Roaming\npm-cache\registry.npmjs.org\react-tex on PUT
39 error publish Failed PUT 403
40 verbose stack Error: "You cannot publish over the previously published version 1.0.1-beta.0." : react-tex
40 verbose stack     at makeError (C:\Program Files\nodejs\node_modules\npm\node_modules\npm-registry-client\lib\request.js:264:12)
40 verbose stack     at CachingRegistryClient.<anonymous> (C:\Program Files\nodejs\node_modules\npm\node_modules\npm-registry-client\lib\request.js:252:14)
40 verbose stack     at Request._callback (C:\Program Files\nodejs\node_modules\npm\node_modules\npm-registry-client\lib\request.js:172:14)
40 verbose stack     at Request.self.callback (C:\Program Files\nodejs\node_modules\npm\node_modules\request\request.js:198:22)
40 verbose stack     at emitTwo (events.js:87:13)
40 verbose stack     at Request.emit (events.js:172:7)
40 verbose stack     at Request.<anonymous> (C:\Program Files\nodejs\node_modules\npm\node_modules\request\request.js:1082:10)
40 verbose stack     at emitOne (events.js:82:20)
40 verbose stack     at Request.emit (events.js:169:7)
40 verbose stack     at IncomingMessage.<anonymous> (C:\Program Files\nodejs\node_modules\npm\node_modules\request\request.js:1009:12)
41 verbose statusCode 403
42 verbose pkgid react-tex
43 verbose cwd C:\Users\DHRUVD\Desktop\React-Katex
44 error Windows_NT 6.3.9600
45 error argv "C:\\Program Files\\nodejs\\node.exe" "C:\\Program Files\\nodejs\\node_modules\\npm\\bin\\npm-cli.js" "publish"
46 error node v5.3.0
47 error npm  v3.3.12
48 error code E403
49 error "You cannot publish over the previously published version 1.0.1-beta.0." : react-tex
50 error If you need help, you may report this error at:
50 error     <https://github.com/npm/npm/issues>
51 verbose exit [ 1, true ]
